{
    "status": "completed",
    "generated_at": "2026-07-18T06:05:33",
    "batch_size": 16,
    "versions": {
        "julia": "1.12.6",
        "julia_commit": "15346901f0",
        "lux": "1.31.4",
        "zygote": "0.7.11",
        "enzyme": "0.13.187",
        "optimisers": "0.4.7"
    },
    "julia_threads": 20,
    "blas_threads": 20,
    "workload": {
        "model": "Lux.Chain(Dense(256=>256,tanh),Dense(256=>64))",
        "loss": "sum(abs2,prediction-target)/length(target)",
        "optimizer": "Optimisers.AdamW(lr=1e-3,beta=(0.9,0.999),weight_decay=1e-4)",
        "parameter_count": 82240,
        "batch_size": 16,
        "input_shape": [
            256,
            16
        ],
        "target_shape": [
            64,
            16
        ],
        "parameter_sha256": "b6258f932cc8d6dca9468faac5a6ff9740895a4544a5f07a78d06bf86353d038",
        "batch_sha256": "a9842b9cc4088d35bed08eadee5b39cdd66cdcdb32555784df59139f593ec2e2",
        "dtype": "Float32"
    },
    "enzyme_static": {
        "status": "completed",
        "error": null,
        "zygote_loss": 0.9977676868438721,
        "enzyme_loss": 0.9977675080299377,
        "loss_absolute_error": 1.7881393432617188e-7,
        "gradient_vs_zygote": {
            "elements": 82240,
            "cosine": 0.9999999999999865,
            "maximum_absolute_error": 0,
            "relative_l2": 0
        },
        "one_update_parameters_vs_zygote": {
            "elements": 82240,
            "cosine": 0.9999999999999752,
            "maximum_absolute_error": 0,
            "relative_l2": 0
        }
    },
    "enzyme_runtime": {
        "status": "completed",
        "error": null,
        "zygote_loss": 0.9977676868438721,
        "enzyme_loss": 0.9977675080299377,
        "loss_absolute_error": 1.7881393432617188e-7,
        "gradient_vs_zygote": {
            "elements": 82240,
            "cosine": 0.9999999999999865,
            "maximum_absolute_error": 0,
            "relative_l2": 0
        },
        "one_update_parameters_vs_zygote": {
            "elements": 82240,
            "cosine": 0.9999999999999752,
            "maximum_absolute_error": 0,
            "relative_l2": 0
        }
    }
}nothing
